0 info it worked if it ends with ok
1 verbose cli [ '/usr/bin/nodejs',
1 verbose cli   '/usr/bin/npm',
1 verbose cli   'install',
1 verbose cli   'expressgit',
1 verbose cli   'status' ]
2 info using npm@1.3.10
3 info using node@v0.10.25
4 warn package.json node@0.0.0 No repository field.
5 verbose cache add [ 'expressgit', null ]
6 verbose cache add name=undefined spec="expressgit" args=["expressgit",null]
7 verbose parsed url { protocol: null,
7 verbose parsed url   slashes: null,
7 verbose parsed url   auth: null,
7 verbose parsed url   host: null,
7 verbose parsed url   port: null,
7 verbose parsed url   hostname: null,
7 verbose parsed url   hash: null,
7 verbose parsed url   search: null,
7 verbose parsed url   query: null,
7 verbose parsed url   pathname: 'expressgit',
7 verbose parsed url   path: 'expressgit',
7 verbose parsed url   href: 'expressgit' }
8 verbose cache add [ 'status', null ]
9 verbose cache add name=undefined spec="status" args=["status",null]
10 verbose parsed url { protocol: null,
10 verbose parsed url   slashes: null,
10 verbose parsed url   auth: null,
10 verbose parsed url   host: null,
10 verbose parsed url   port: null,
10 verbose parsed url   hostname: null,
10 verbose parsed url   hash: null,
10 verbose parsed url   search: null,
10 verbose parsed url   query: null,
10 verbose parsed url   pathname: 'status',
10 verbose parsed url   path: 'status',
10 verbose parsed url   href: 'status' }
11 silly lockFile 69f25d0b-expressgit expressgit
12 verbose lock expressgit /home/switch87/.npm/69f25d0b-expressgit.lock
13 silly lockFile 48a3661d-status status
14 verbose lock status /home/switch87/.npm/48a3661d-status.lock
15 silly lockFile 69f25d0b-expressgit expressgit
16 silly lockFile 69f25d0b-expressgit expressgit
17 silly lockFile 48a3661d-status status
18 silly lockFile 48a3661d-status status
19 verbose addNamed [ 'expressgit', '' ]
20 verbose addNamed [ null, '*' ]
21 silly lockFile 7fc22e05-expressgit expressgit@
22 verbose lock expressgit@ /home/switch87/.npm/7fc22e05-expressgit.lock
23 verbose addNamed [ 'status', '' ]
24 verbose addNamed [ null, '*' ]
25 silly lockFile 60976a65-status status@
26 verbose lock status@ /home/switch87/.npm/60976a65-status.lock
27 silly addNameRange { name: 'expressgit', range: '*', hasData: false }
28 verbose url raw expressgit
29 verbose url resolving [ 'https://registry.npmjs.org/', './expressgit' ]
30 verbose url resolved https://registry.npmjs.org/expressgit
31 info trying registry request attempt 1 at 11:21:06
32 http GET https://registry.npmjs.org/expressgit
33 silly addNameRange { name: 'status', range: '*', hasData: false }
34 verbose url raw status
35 verbose url resolving [ 'https://registry.npmjs.org/', './status' ]
36 verbose url resolved https://registry.npmjs.org/status
37 info trying registry request attempt 1 at 11:21:06
38 http GET https://registry.npmjs.org/status
39 http 200 https://registry.npmjs.org/status
40 silly registry.get cb [ 200,
40 silly registry.get   { server: 'nginx/1.10.1',
40 silly registry.get     'content-type': 'application/json',
40 silly registry.get     'last-modified': 'Fri, 08 Apr 2016 21:41:23 GMT',
40 silly registry.get     etag: '"57082583-5859"',
40 silly registry.get     'cache-control': 'max-age=300',
40 silly registry.get     'content-length': '22617',
40 silly registry.get     'accept-ranges': 'bytes',
40 silly registry.get     date: 'Mon, 20 Feb 2017 10:21:06 GMT',
40 silly registry.get     via: '1.1 varnish',
40 silly registry.get     age: '0',
40 silly registry.get     connection: 'keep-alive',
40 silly registry.get     'x-served-by': 'cache-ams4428-AMS',
40 silly registry.get     'x-cache': 'MISS',
40 silly registry.get     'x-cache-hits': '0',
40 silly registry.get     'x-timer': 'S1487586066.483246,VS0,VE13',
40 silly registry.get     vary: 'Accept-Encoding' } ]
41 silly addNameRange number 2 { name: 'status', range: '*', hasData: true }
42 silly addNameRange versions [ 'status',
42 silly addNameRange   [ '0.0.1',
42 silly addNameRange     '0.0.2',
42 silly addNameRange     '0.0.3',
42 silly addNameRange     '0.0.4',
42 silly addNameRange     '0.0.5',
42 silly addNameRange     '0.0.6',
42 silly addNameRange     '0.0.7',
42 silly addNameRange     '0.0.8',
42 silly addNameRange     '0.0.9',
42 silly addNameRange     '0.0.10',
42 silly addNameRange     '0.0.11',
42 silly addNameRange     '0.0.12',
42 silly addNameRange     '0.0.13' ] ]
43 verbose addNamed [ 'status', '0.0.13' ]
44 verbose addNamed [ '0.0.13', '0.0.13' ]
45 silly lockFile 6e8965c7-status-0-0-13 status@0.0.13
46 verbose lock status@0.0.13 /home/switch87/.npm/6e8965c7-status-0-0-13.lock
47 silly lockFile 94a41c06-mjs-org-status-status-0-0-13-tgz https://registry.npmjs.org/status/-/status-0.0.13.tgz
48 verbose lock https://registry.npmjs.org/status/-/status-0.0.13.tgz /home/switch87/.npm/94a41c06-mjs-org-status-status-0-0-13-tgz.lock
49 verbose addRemoteTarball [ 'https://registry.npmjs.org/status/-/status-0.0.13.tgz',
49 verbose addRemoteTarball   '7c89d26386ae5bb674c2bd39f228e5bb6af90cba' ]
50 info retry fetch attempt 1 at 11:21:06
51 verbose fetch to= /home/switch87/tmp/npm-24718-L3DEmtgf/1487586066517-0.4510050897952169/tmp.tgz
52 http GET https://registry.npmjs.org/status/-/status-0.0.13.tgz
53 http 200 https://registry.npmjs.org/status/-/status-0.0.13.tgz
54 verbose tar unpack /home/switch87/tmp/npm-24718-L3DEmtgf/1487586066517-0.4510050897952169/tmp.tgz
55 silly lockFile f540fa26-66517-0-4510050897952169-package tar:///home/switch87/tmp/npm-24718-L3DEmtgf/1487586066517-0.4510050897952169/package
56 verbose lock tar:///home/switch87/tmp/npm-24718-L3DEmtgf/1487586066517-0.4510050897952169/package /home/switch87/.npm/f540fa26-66517-0-4510050897952169-package.lock
57 silly lockFile 14819886-66517-0-4510050897952169-tmp-tgz tar:///home/switch87/tmp/npm-24718-L3DEmtgf/1487586066517-0.4510050897952169/tmp.tgz
58 verbose lock tar:///home/switch87/tmp/npm-24718-L3DEmtgf/1487586066517-0.4510050897952169/tmp.tgz /home/switch87/.npm/14819886-66517-0-4510050897952169-tmp-tgz.lock
59 silly gunzTarPerm modes [ '755', '644' ]
60 silly gunzTarPerm extractEntry package.json
61 silly gunzTarPerm extractEntry .npmignore
62 silly gunzTarPerm extractEntry README.md
63 silly gunzTarPerm extractEntry LICENSE
64 silly gunzTarPerm extractEntry index.js
65 silly gunzTarPerm extractEntry bin/status
66 silly gunzTarPerm extractEntry lib/Operation.coffee
67 silly gunzTarPerm extractEntry lib/Plugin.coffee
68 silly gunzTarPerm extractEntry lib/command.coffee
69 silly gunzTarPerm extractEntry lib/commands/execute.coffee
70 silly gunzTarPerm extractEntry lib/commands/list.coffee
71 silly gunzTarPerm extractEntry lib/main.coffee
72 silly gunzTarPerm extractEntry lib/plugins/os.coffee
73 silly gunzTarPerm extractEntry lib/plugins/cpu.coffee
74 silly gunzTarPerm extractEntry lib/plugins/hd.coffee
75 silly gunzTarPerm extractEntry lib/plugins/network.coffee
76 silly gunzTarPerm extractEntry lib/plugins/node.coffee
77 silly gunzTarPerm extractEntry lib/plugins/daemons.coffee
78 silly gunzTarPerm extractEntry lib/plugins/processes.coffee
79 silly gunzTarPerm extractEntry lib/plugins/ram.coffee
80 silly gunzTarPerm extractEntry lib/plugins/speech.coffee
81 silly gunzTarPerm extractEntry lib/plugins/spotify.coffee
82 silly gunzTarPerm extractEntry lib/plugins/wireless.coffee
83 silly gunzTarPerm extractEntry .travis.yml
84 silly gunzTarPerm extractEntry test/mocha.opts
85 silly gunzTarPerm extractEntry test/plugins.coffee
86 silly lockFile f540fa26-66517-0-4510050897952169-package tar:///home/switch87/tmp/npm-24718-L3DEmtgf/1487586066517-0.4510050897952169/package
87 silly lockFile f540fa26-66517-0-4510050897952169-package tar:///home/switch87/tmp/npm-24718-L3DEmtgf/1487586066517-0.4510050897952169/package
88 silly lockFile 14819886-66517-0-4510050897952169-tmp-tgz tar:///home/switch87/tmp/npm-24718-L3DEmtgf/1487586066517-0.4510050897952169/tmp.tgz
89 silly lockFile 14819886-66517-0-4510050897952169-tmp-tgz tar:///home/switch87/tmp/npm-24718-L3DEmtgf/1487586066517-0.4510050897952169/tmp.tgz
90 verbose tar pack [ '/home/switch87/.npm/status/0.0.13/package.tgz',
90 verbose tar pack   '/home/switch87/tmp/npm-24718-L3DEmtgf/1487586066517-0.4510050897952169/package' ]
91 verbose tarball /home/switch87/.npm/status/0.0.13/package.tgz
92 verbose folder /home/switch87/tmp/npm-24718-L3DEmtgf/1487586066517-0.4510050897952169/package
93 silly lockFile f540fa26-66517-0-4510050897952169-package tar:///home/switch87/tmp/npm-24718-L3DEmtgf/1487586066517-0.4510050897952169/package
94 verbose lock tar:///home/switch87/tmp/npm-24718-L3DEmtgf/1487586066517-0.4510050897952169/package /home/switch87/.npm/f540fa26-66517-0-4510050897952169-package.lock
95 silly lockFile 488c21bb-87-npm-status-0-0-13-package-tgz tar:///home/switch87/.npm/status/0.0.13/package.tgz
96 verbose lock tar:///home/switch87/.npm/status/0.0.13/package.tgz /home/switch87/.npm/488c21bb-87-npm-status-0-0-13-package-tgz.lock
97 silly lockFile f540fa26-66517-0-4510050897952169-package tar:///home/switch87/tmp/npm-24718-L3DEmtgf/1487586066517-0.4510050897952169/package
98 silly lockFile f540fa26-66517-0-4510050897952169-package tar:///home/switch87/tmp/npm-24718-L3DEmtgf/1487586066517-0.4510050897952169/package
99 silly lockFile 488c21bb-87-npm-status-0-0-13-package-tgz tar:///home/switch87/.npm/status/0.0.13/package.tgz
100 silly lockFile 488c21bb-87-npm-status-0-0-13-package-tgz tar:///home/switch87/.npm/status/0.0.13/package.tgz
101 silly lockFile bcf308ac-itch87-npm-status-0-0-13-package /home/switch87/.npm/status/0.0.13/package
102 verbose lock /home/switch87/.npm/status/0.0.13/package /home/switch87/.npm/bcf308ac-itch87-npm-status-0-0-13-package.lock
103 silly lockFile bcf308ac-itch87-npm-status-0-0-13-package /home/switch87/.npm/status/0.0.13/package
104 silly lockFile bcf308ac-itch87-npm-status-0-0-13-package /home/switch87/.npm/status/0.0.13/package
105 verbose tar unpack /home/switch87/.npm/status/0.0.13/package.tgz
106 silly lockFile 3d48b710-itch87-npm-status-0-0-13-package tar:///home/switch87/.npm/status/0.0.13/package
107 verbose lock tar:///home/switch87/.npm/status/0.0.13/package /home/switch87/.npm/3d48b710-itch87-npm-status-0-0-13-package.lock
108 silly lockFile 488c21bb-87-npm-status-0-0-13-package-tgz tar:///home/switch87/.npm/status/0.0.13/package.tgz
109 verbose lock tar:///home/switch87/.npm/status/0.0.13/package.tgz /home/switch87/.npm/488c21bb-87-npm-status-0-0-13-package-tgz.lock
110 silly gunzTarPerm modes [ '755', '644' ]
111 silly gunzTarPerm extractEntry package.json
112 silly gunzTarPerm extractEntry .npmignore
113 silly gunzTarPerm extractEntry README.md
114 silly gunzTarPerm extractEntry LICENSE
115 silly gunzTarPerm extractEntry index.js
116 silly gunzTarPerm extractEntry .travis.yml
117 silly gunzTarPerm extractEntry bin/status
118 silly gunzTarPerm extractEntry lib/Operation.coffee
119 silly gunzTarPerm extractEntry lib/Plugin.coffee
120 silly gunzTarPerm extractEntry lib/command.coffee
121 silly gunzTarPerm extractEntry lib/commands/execute.coffee
122 silly gunzTarPerm extractEntry lib/commands/list.coffee
123 silly gunzTarPerm extractEntry lib/main.coffee
124 silly gunzTarPerm extractEntry lib/plugins/os.coffee
125 silly gunzTarPerm extractEntry lib/plugins/cpu.coffee
126 silly gunzTarPerm extractEntry lib/plugins/hd.coffee
127 silly gunzTarPerm extractEntry lib/plugins/network.coffee
128 silly gunzTarPerm extractEntry lib/plugins/node.coffee
129 silly gunzTarPerm extractEntry lib/plugins/daemons.coffee
130 silly gunzTarPerm extractEntry lib/plugins/processes.coffee
131 silly gunzTarPerm extractEntry lib/plugins/ram.coffee
132 silly gunzTarPerm extractEntry lib/plugins/speech.coffee
133 silly gunzTarPerm extractEntry lib/plugins/spotify.coffee
134 silly gunzTarPerm extractEntry lib/plugins/wireless.coffee
135 silly gunzTarPerm extractEntry test/mocha.opts
136 silly gunzTarPerm extractEntry test/plugins.coffee
137 silly lockFile 3d48b710-itch87-npm-status-0-0-13-package tar:///home/switch87/.npm/status/0.0.13/package
138 silly lockFile 3d48b710-itch87-npm-status-0-0-13-package tar:///home/switch87/.npm/status/0.0.13/package
139 silly lockFile 488c21bb-87-npm-status-0-0-13-package-tgz tar:///home/switch87/.npm/status/0.0.13/package.tgz
140 silly lockFile 488c21bb-87-npm-status-0-0-13-package-tgz tar:///home/switch87/.npm/status/0.0.13/package.tgz
141 verbose chmod /home/switch87/.npm/status/0.0.13/package.tgz 644
142 verbose chown /home/switch87/.npm/status/0.0.13/package.tgz [ 1000, 1000 ]
143 silly lockFile 94a41c06-mjs-org-status-status-0-0-13-tgz https://registry.npmjs.org/status/-/status-0.0.13.tgz
144 silly lockFile 94a41c06-mjs-org-status-status-0-0-13-tgz https://registry.npmjs.org/status/-/status-0.0.13.tgz
145 silly lockFile 6e8965c7-status-0-0-13 status@0.0.13
146 silly lockFile 6e8965c7-status-0-0-13 status@0.0.13
147 silly lockFile 60976a65-status status@
148 silly lockFile 60976a65-status status@
149 http 404 https://registry.npmjs.org/expressgit
150 silly registry.get cb [ 404,
150 silly registry.get   { 'content-type': 'application/json',
150 silly registry.get     'cache-control': 'max-age=0',
150 silly registry.get     'content-length': '2',
150 silly registry.get     'accept-ranges': 'bytes',
150 silly registry.get     date: 'Mon, 20 Feb 2017 10:21:07 GMT',
150 silly registry.get     via: '1.1 varnish',
150 silly registry.get     age: '0',
150 silly registry.get     connection: 'keep-alive',
150 silly registry.get     'x-served-by': 'cache-ams4132-AMS',
150 silly registry.get     'x-cache': 'MISS',
150 silly registry.get     'x-cache-hits': '0',
150 silly registry.get     'x-timer': 'S1487586066.483896,VS0,VE733',
150 silly registry.get     vary: 'Accept-Encoding' } ]
151 silly addNameRange number 2 { name: 'expressgit', range: '*', hasData: true }
152 silly addNameRange versions [ undefined, [] ]
153 error TypeError: Cannot read property 'latest' of undefined
153 error     at next (/usr/share/npm/lib/cache.js:687:35)
153 error     at /usr/share/npm/lib/cache.js:675:5
153 error     at saved (/usr/share/npm/node_modules/npm-registry-client/lib/get.js:142:7)
153 error     at /usr/lib/nodejs/graceful-fs/polyfills.js:133:7
153 error     at Object.oncomplete (fs.js:107:15)
154 error If you need help, you may report this log at:
154 error     <http://github.com/isaacs/npm/issues>
154 error or email it to:
154 error     <npm-@googlegroups.com>
155 error System Linux 3.19.0-32-generic
156 error command "/usr/bin/nodejs" "/usr/bin/npm" "install" "expressgit" "status"
157 error cwd /home/switch87/workplace/PXL/3_1_WebExpert
158 error node -v v0.10.25
159 error npm -v 1.3.10
160 error type non_object_property_load
161 verbose exit [ 1, true ]
